{"F:\\Git\\boss-master\\App.tsx": {"path":"F:\\Git\\boss-master\\App.tsx","statementMap":{"0":{"start":{"line":5,"column":2},"end":{"line":5,"column":42}},"1":{"start":{"line":7,"column":2},"end":{"line":12,"column":4}},"2":{"start":{"line":15,"column":15},"end":{"line":22,"column":2}}},"fnMap":{"0":{"name":"App","decl":{"start":{"line":4,"column":24},"end":{"line":4,"column":27}},"loc":{"start":{"line":4,"column":30},"end":{"line":13,"column":1}},"line":4}},"branchMap":{},"s":{"0":2,"1":2,"2":1},"f":{"0":2},"b":{},"_coverageSchema":"1a1c01bbd47fc00a2c39e90264f33305004495a9","hash":"d6aacc859ebcaab66d5babcade8bf766ba0be58d"}
}
